2022-12-30 10:52:33,214 [Worker-2: Loading available Gradle versions] INFO  o.e.b.c.i.u.g.PublishedGradleVersions - Gradle version information cache is out-of-date. Trying to update.
2022-12-30 11:00:19,470 [Worker-3: Loading available Gradle versions] INFO  o.e.b.c.i.u.g.PublishedGradleVersions - Gradle version information cache is up-to-date. Trying to read.
2022-12-30 16:37:48,202 [Worker-6: Loading available Gradle versions] INFO  o.e.b.c.i.u.g.PublishedGradleVersions - Gradle version information cache is up-to-date. Trying to read.
2023-01-02 09:07:44,879 [Worker-3: Loading available Gradle versions] INFO  o.e.b.c.i.u.g.PublishedGradleVersions - Gradle version information cache is out-of-date. Trying to update.
2023-01-03 09:08:51,220 [Worker-5: Loading available Gradle versions] INFO  o.e.b.c.i.u.g.PublishedGradleVersions - Gradle version information cache is out-of-date. Trying to update.
2023-01-03 09:17:19,164 [Worker-1: Loading available Gradle versions] INFO  o.e.b.c.i.u.g.PublishedGradleVersions - Gradle version information cache is up-to-date. Trying to read.
2023-01-03 09:36:42,313 [Worker-0: Loading available Gradle versions] INFO  o.e.b.c.i.u.g.PublishedGradleVersions - Gradle version information cache is up-to-date. Trying to read.
2023-01-03 09:41:40,086 [Worker-4: Loading available Gradle versions] INFO  o.e.b.c.i.u.g.PublishedGradleVersions - Gradle version information cache is up-to-date. Trying to read.
2023-01-03 09:48:21,202 [Worker-1: Loading available Gradle versions] INFO  o.e.b.c.i.u.g.PublishedGradleVersions - Gradle version information cache is up-to-date. Trying to read.
2023-01-04 09:10:57,763 [Worker-4: Loading available Gradle versions] INFO  o.e.b.c.i.u.g.PublishedGradleVersions - Gradle version information cache is out-of-date. Trying to update.
2023-01-04 14:44:35,886 [main] WARN  org.eclipse.jgit.util.FS - C:\Program Files\Git\etc\.probe-ac8a10bb-3b4a-48c6-9bcc-ac893c4681f9
java.nio.file.AccessDeniedException: C:\Program Files\Git\etc\.probe-ac8a10bb-3b4a-48c6-9bcc-ac893c4681f9
	at java.base/sun.nio.fs.WindowsException.translateToIOException(WindowsException.java:89) ~[na:na]
	at java.base/sun.nio.fs.WindowsException.rethrowAsIOException(WindowsException.java:103) ~[na:na]
	at java.base/sun.nio.fs.WindowsException.rethrowAsIOException(WindowsException.java:108) ~[na:na]
	at java.base/sun.nio.fs.WindowsFileSystemProvider.newByteChannel(WindowsFileSystemProvider.java:235) ~[na:na]
	at java.base/java.nio.file.Files.newByteChannel(Files.java:371) ~[na:na]
	at java.base/java.nio.file.Files.createFile(Files.java:648) ~[na:na]
	at org.eclipse.jgit.util.FS$FileStoreAttributeCache.<init>(FS.java:234) ~[na:na]
	at org.eclipse.jgit.util.FS$FileStoreAttributeCache.getFsTimestampResolution(FS.java:211) ~[na:na]
	at org.eclipse.jgit.util.FS.getFsTimerResolution(FS.java:321) ~[na:na]
	at org.eclipse.jgit.internal.storage.file.FileSnapshot.<init>(FileSnapshot.java:186) ~[na:na]
	at org.eclipse.jgit.internal.storage.file.FileSnapshot.save(FileSnapshot.java:122) ~[na:na]
	at org.eclipse.jgit.storage.file.FileBasedConfig.load(FileBasedConfig.java:156) ~[na:na]
	at org.eclipse.jgit.internal.storage.file.FileRepository.loadSystemConfig(FileRepository.java:245) ~[na:na]
	at org.eclipse.jgit.internal.storage.file.FileRepository.<init>(FileRepository.java:203) ~[na:na]
	at org.eclipse.jgit.lib.BaseRepositoryBuilder.build(BaseRepositoryBuilder.java:612) ~[na:na]
	at org.eclipse.egit.ui.internal.sharing.ExistingOrNewPage.fillTreeItemWithGitDirectory(ExistingOrNewPage.java:541) ~[na:na]
	at org.eclipse.egit.ui.internal.sharing.ExistingOrNewPage.createControl(ExistingOrNewPage.java:350) ~[na:na]
	at org.eclipse.jface.wizard.Wizard.createPageControls(Wizard.java:179) ~[org.eclipse.jface_3.16.0.v20190528-0922.jar:na]
	at org.eclipse.jface.wizard.WizardDialog.createPageControls(WizardDialog.java:743) ~[org.eclipse.jface_3.16.0.v20190528-0922.jar:na]
	at org.eclipse.jface.wizard.WizardDialog.createContents(WizardDialog.java:635) ~[org.eclipse.jface_3.16.0.v20190528-0922.jar:na]
	at org.eclipse.jface.window.Window.create(Window.java:431) ~[org.eclipse.jface_3.16.0.v20190528-0922.jar:na]
	at org.eclipse.jface.dialogs.Dialog.create(Dialog.java:1099) ~[org.eclipse.jface_3.16.0.v20190528-0922.jar:na]
	at org.eclipse.jface.window.Window.open(Window.java:788) ~[org.eclipse.jface_3.16.0.v20190528-0922.jar:na]
	at org.eclipse.team.internal.ui.wizards.ConfigureProjectWizard.openWizard(ConfigureProjectWizard.java:230) ~[na:na]
	at org.eclipse.team.internal.ui.wizards.ConfigureProjectWizard.shareProjects(ConfigureProjectWizard.java:130) ~[na:na]
	at org.eclipse.team.internal.ui.actions.ConfigureProjectAction.lambda$0(ConfigureProjectAction.java:40) ~[na:na]
	at org.eclipse.team.internal.ui.actions.TeamAction.lambda$1(TeamAction.java:304) ~[na:na]
	at org.eclipse.swt.custom.BusyIndicator.showWhile(BusyIndicator.java:72) ~[org.eclipse.swt.win32.win32.x86_64_3.111.0.v20190605-1801.jar:na]
	at org.eclipse.team.internal.ui.actions.TeamAction.run(TeamAction.java:302) ~[na:na]
	at org.eclipse.team.internal.ui.actions.ConfigureProjectAction.execute(ConfigureProjectAction.java:35) ~[na:na]
	at org.eclipse.team.internal.ui.actions.TeamAction.run(TeamAction.java:556) ~[na:na]
	at org.eclipse.team.internal.ui.actions.TeamAction.runWithEvent(TeamAction.java:592) ~[na:na]
	at org.eclipse.ui.internal.PluginAction.runWithEvent(PluginAction.java:222) ~[na:na]
	at org.eclipse.jface.action.ActionContributionItem.handleWidgetSelection(ActionContributionItem.java:580) ~[org.eclipse.jface_3.16.0.v20190528-0922.jar:na]
	at org.eclipse.jface.action.ActionContributionItem.lambda$4(ActionContributionItem.java:412) ~[org.eclipse.jface_3.16.0.v20190528-0922.jar:na]
	at org.eclipse.swt.widgets.EventTable.sendEvent(EventTable.java:89) ~[org.eclipse.swt.win32.win32.x86_64_3.111.0.v20190605-1801.jar:na]
	at org.eclipse.swt.widgets.Display.sendEvent(Display.java:4131) ~[org.eclipse.swt.win32.win32.x86_64_3.111.0.v20190605-1801.jar:na]
	at org.eclipse.swt.widgets.Widget.sendEvent(Widget.java:1056) ~[org.eclipse.swt.win32.win32.x86_64_3.111.0.v20190605-1801.jar:na]
	at org.eclipse.swt.widgets.Display.runDeferredEvents(Display.java:3944) ~[org.eclipse.swt.win32.win32.x86_64_3.111.0.v20190605-1801.jar:na]
	at org.eclipse.swt.widgets.Display.readAndDispatch(Display.java:3547) ~[org.eclipse.swt.win32.win32.x86_64_3.111.0.v20190605-1801.jar:na]
	at org.eclipse.e4.ui.internal.workbench.swt.PartRenderingEngine$5.run(PartRenderingEngine.java:1173) ~[na:na]
	at org.eclipse.core.databinding.observable.Realm.runWithDefault(Realm.java:338) ~[na:na]
	at org.eclipse.e4.ui.internal.workbench.swt.PartRenderingEngine.run(PartRenderingEngine.java:1062) ~[na:na]
	at org.eclipse.e4.ui.internal.workbench.E4Workbench.createAndRunUI(E4Workbench.java:155) ~[na:na]
	at org.eclipse.ui.internal.Workbench.lambda$3(Workbench.java:635) ~[na:na]
	at org.eclipse.core.databinding.observable.Realm.runWithDefault(Realm.java:338) ~[na:na]
	at org.eclipse.ui.internal.Workbench.createAndRunWorkbench(Workbench.java:559) ~[na:na]
	at org.eclipse.ui.PlatformUI.createAndRunWorkbench(PlatformUI.java:150) ~[na:na]
	at org.eclipse.ui.internal.ide.application.IDEApplication.start(IDEApplication.java:155) ~[na:na]
	at org.eclipse.equinox.internal.app.EclipseAppHandle.run(EclipseAppHandle.java:203) ~[org.eclipse.equinox.app_1.4.200.v20190516-1504.jar:na]
	at org.eclipse.core.runtime.internal.adaptor.EclipseAppLauncher.runApplication(EclipseAppLauncher.java:137) ~[org.eclipse.osgi_3.14.0.v20190517-1309.jar:na]
	at org.eclipse.core.runtime.internal.adaptor.EclipseAppLauncher.start(EclipseAppLauncher.java:107) ~[org.eclipse.osgi_3.14.0.v20190517-1309.jar:na]
	at org.eclipse.core.runtime.adaptor.EclipseStarter.run(EclipseStarter.java:400) ~[org.eclipse.osgi_3.14.0.v20190517-1309.jar:na]
	at org.eclipse.core.runtime.adaptor.EclipseStarter.run(EclipseStarter.java:255) ~[org.eclipse.osgi_3.14.0.v20190517-1309.jar:na]
	at java.base/jdk.internal.reflect.NativeMethodAccessorImpl.invoke0(Native Method) ~[na:na]
	at java.base/jdk.internal.reflect.NativeMethodAccessorImpl.invoke(NativeMethodAccessorImpl.java:62) ~[na:na]
	at java.base/jdk.internal.reflect.DelegatingMethodAccessorImpl.invoke(DelegatingMethodAccessorImpl.java:43) ~[na:na]
	at java.base/java.lang.reflect.Method.invoke(Method.java:566) ~[na:na]
	at org.eclipse.equinox.launcher.Main.invokeFramework(Main.java:660) ~[org.eclipse.equinox.launcher_1.5.400.v20190515-0925.jar:na]
	at org.eclipse.equinox.launcher.Main.basicRun(Main.java:597) ~[org.eclipse.equinox.launcher_1.5.400.v20190515-0925.jar:na]
	at org.eclipse.equinox.launcher.Main.run(Main.java:1468) ~[org.eclipse.equinox.launcher_1.5.400.v20190515-0925.jar:na]
	at org.eclipse.equinox.launcher.Main.main(Main.java:1441) ~[org.eclipse.equinox.launcher_1.5.400.v20190515-0925.jar:na]
2023-01-06 09:07:56,363 [Worker-1: Loading available Gradle versions] INFO  o.e.b.c.i.u.g.PublishedGradleVersions - Gradle version information cache is out-of-date. Trying to update.
2023-01-06 09:07:57,600 [Worker-5: Decoration Calculation] WARN  org.eclipse.jgit.util.FS - C:\Program Files\Git\etc\.probe-249926e2-5d5b-406c-9bfb-506c3990bf6a
java.nio.file.AccessDeniedException: C:\Program Files\Git\etc\.probe-249926e2-5d5b-406c-9bfb-506c3990bf6a
	at java.base/sun.nio.fs.WindowsException.translateToIOException(WindowsException.java:89) ~[na:na]
	at java.base/sun.nio.fs.WindowsException.rethrowAsIOException(WindowsException.java:103) ~[na:na]
	at java.base/sun.nio.fs.WindowsException.rethrowAsIOException(WindowsException.java:108) ~[na:na]
	at java.base/sun.nio.fs.WindowsFileSystemProvider.newByteChannel(WindowsFileSystemProvider.java:235) ~[na:na]
	at java.base/java.nio.file.Files.newByteChannel(Files.java:371) ~[na:na]
	at java.base/java.nio.file.Files.createFile(Files.java:648) ~[na:na]
	at org.eclipse.jgit.util.FS$FileStoreAttributeCache.<init>(FS.java:234) ~[na:na]
	at org.eclipse.jgit.util.FS$FileStoreAttributeCache.getFsTimestampResolution(FS.java:211) ~[na:na]
	at org.eclipse.jgit.util.FS.getFsTimerResolution(FS.java:321) ~[na:na]
	at org.eclipse.jgit.internal.storage.file.FileSnapshot.<init>(FileSnapshot.java:186) ~[na:na]
	at org.eclipse.jgit.internal.storage.file.FileSnapshot.save(FileSnapshot.java:122) ~[na:na]
	at org.eclipse.jgit.storage.file.FileBasedConfig.load(FileBasedConfig.java:156) ~[na:na]
	at org.eclipse.jgit.internal.storage.file.FileRepository.loadSystemConfig(FileRepository.java:245) ~[na:na]
	at org.eclipse.jgit.internal.storage.file.FileRepository.<init>(FileRepository.java:203) ~[na:na]
	at org.eclipse.jgit.storage.file.FileRepositoryBuilder.build(FileRepositoryBuilder.java:88) ~[na:na]
	at org.eclipse.jgit.storage.file.FileRepositoryBuilder.create(FileRepositoryBuilder.java:108) ~[na:na]
	at org.eclipse.egit.core.RepositoryCache.lookupRepository(RepositoryCache.java:58) ~[na:na]
	at org.eclipse.egit.core.project.GitProjectData.map(GitProjectData.java:693) ~[na:na]
	at org.eclipse.egit.core.project.GitProjectData.remapAll(GitProjectData.java:651) ~[na:na]
	at org.eclipse.egit.core.project.GitProjectData.load(GitProjectData.java:634) ~[na:na]
	at org.eclipse.egit.core.project.GitProjectData.get(GitProjectData.java:220) ~[na:na]
	at org.eclipse.egit.core.project.RepositoryMapping.getProjectData(RepositoryMapping.java:335) ~[na:na]
	at org.eclipse.egit.core.project.RepositoryMapping.findMapping(RepositoryMapping.java:356) ~[na:na]
	at org.eclipse.egit.core.project.RepositoryMapping.getMapping(RepositoryMapping.java:296) ~[na:na]
	at org.eclipse.egit.core.internal.util.ResourceUtil.getRepository(ResourceUtil.java:712) ~[na:na]
	at org.eclipse.egit.ui.internal.resources.ResourceStateFactory.getIndexDiffDataOrNull(ResourceStateFactory.java:103) ~[na:na]
	at org.eclipse.egit.ui.internal.decorators.GitLightweightDecorator.decorateResource(GitLightweightDecorator.java:224) ~[na:na]
	at org.eclipse.egit.ui.internal.decorators.GitLightweightDecorator.decorate(GitLightweightDecorator.java:201) ~[na:na]
	at org.eclipse.ui.internal.decorators.LightweightDecoratorDefinition.decorate(LightweightDecoratorDefinition.java:247) ~[na:na]
	at org.eclipse.ui.internal.decorators.LightweightDecoratorManager$LightweightRunnable.run(LightweightDecoratorManager.java:105) ~[na:na]
	at org.eclipse.core.runtime.SafeRunner.run(SafeRunner.java:45) ~[org.eclipse.equinox.common_3.10.400.v20190516-1504.jar:na]
	at org.eclipse.ui.internal.decorators.LightweightDecoratorManager.decorate(LightweightDecoratorManager.java:360) ~[na:na]
	at org.eclipse.ui.internal.decorators.LightweightDecoratorManager.getDecorations(LightweightDecoratorManager.java:346) ~[na:na]
	at org.eclipse.ui.internal.decorators.DecorationScheduler$1.ensureResultCached(DecorationScheduler.java:333) ~[na:na]
	at org.eclipse.ui.internal.decorators.DecorationScheduler$1.run(DecorationScheduler.java:300) ~[na:na]
	at org.eclipse.core.internal.jobs.Worker.run(Worker.java:63) ~[org.eclipse.core.jobs_3.10.400.v20190506-1457.jar:na]
2023-01-08 22:05:48,421 [Worker-4: Loading available Gradle versions] INFO  o.e.b.c.i.u.g.PublishedGradleVersions - Gradle version information cache is out-of-date. Trying to update.
2023-01-08 22:05:50,081 [Worker-2: Decoration Calculation] WARN  org.eclipse.jgit.util.FS - C:\Program Files\Git\etc\.probe-159bbc83-a01f-4bb4-891c-7a9b09c0412e
java.nio.file.AccessDeniedException: C:\Program Files\Git\etc\.probe-159bbc83-a01f-4bb4-891c-7a9b09c0412e
	at java.base/sun.nio.fs.WindowsException.translateToIOException(WindowsException.java:89) ~[na:na]
	at java.base/sun.nio.fs.WindowsException.rethrowAsIOException(WindowsException.java:103) ~[na:na]
	at java.base/sun.nio.fs.WindowsException.rethrowAsIOException(WindowsException.java:108) ~[na:na]
	at java.base/sun.nio.fs.WindowsFileSystemProvider.newByteChannel(WindowsFileSystemProvider.java:235) ~[na:na]
	at java.base/java.nio.file.Files.newByteChannel(Files.java:371) ~[na:na]
	at java.base/java.nio.file.Files.createFile(Files.java:648) ~[na:na]
	at org.eclipse.jgit.util.FS$FileStoreAttributeCache.<init>(FS.java:234) ~[na:na]
	at org.eclipse.jgit.util.FS$FileStoreAttributeCache.getFsTimestampResolution(FS.java:211) ~[na:na]
	at org.eclipse.jgit.util.FS.getFsTimerResolution(FS.java:321) ~[na:na]
	at org.eclipse.jgit.internal.storage.file.FileSnapshot.<init>(FileSnapshot.java:186) ~[na:na]
	at org.eclipse.jgit.internal.storage.file.FileSnapshot.save(FileSnapshot.java:122) ~[na:na]
	at org.eclipse.jgit.storage.file.FileBasedConfig.load(FileBasedConfig.java:156) ~[na:na]
	at org.eclipse.jgit.internal.storage.file.FileRepository.loadSystemConfig(FileRepository.java:245) ~[na:na]
	at org.eclipse.jgit.internal.storage.file.FileRepository.<init>(FileRepository.java:203) ~[na:na]
	at org.eclipse.jgit.storage.file.FileRepositoryBuilder.build(FileRepositoryBuilder.java:88) ~[na:na]
	at org.eclipse.jgit.storage.file.FileRepositoryBuilder.create(FileRepositoryBuilder.java:108) ~[na:na]
	at org.eclipse.egit.core.RepositoryCache.lookupRepository(RepositoryCache.java:58) ~[na:na]
	at org.eclipse.egit.core.project.GitProjectData.map(GitProjectData.java:693) ~[na:na]
	at org.eclipse.egit.core.project.GitProjectData.remapAll(GitProjectData.java:651) ~[na:na]
	at org.eclipse.egit.core.project.GitProjectData.load(GitProjectData.java:634) ~[na:na]
	at org.eclipse.egit.core.project.GitProjectData.get(GitProjectData.java:220) ~[na:na]
	at org.eclipse.egit.core.project.RepositoryMapping.getProjectData(RepositoryMapping.java:335) ~[na:na]
	at org.eclipse.egit.core.project.RepositoryMapping.findMapping(RepositoryMapping.java:356) ~[na:na]
	at org.eclipse.egit.core.project.RepositoryMapping.getMapping(RepositoryMapping.java:296) ~[na:na]
	at org.eclipse.egit.core.internal.util.ResourceUtil.getRepository(ResourceUtil.java:712) ~[na:na]
	at org.eclipse.egit.ui.internal.resources.ResourceStateFactory.getIndexDiffDataOrNull(ResourceStateFactory.java:103) ~[na:na]
	at org.eclipse.egit.ui.internal.decorators.GitLightweightDecorator.decorateResource(GitLightweightDecorator.java:224) ~[na:na]
	at org.eclipse.egit.ui.internal.decorators.GitLightweightDecorator.decorate(GitLightweightDecorator.java:201) ~[na:na]
	at org.eclipse.ui.internal.decorators.LightweightDecoratorDefinition.decorate(LightweightDecoratorDefinition.java:247) ~[na:na]
	at org.eclipse.ui.internal.decorators.LightweightDecoratorManager$LightweightRunnable.run(LightweightDecoratorManager.java:105) ~[na:na]
	at org.eclipse.core.runtime.SafeRunner.run(SafeRunner.java:45) ~[org.eclipse.equinox.common_3.10.400.v20190516-1504.jar:na]
	at org.eclipse.ui.internal.decorators.LightweightDecoratorManager.decorate(LightweightDecoratorManager.java:360) ~[na:na]
	at org.eclipse.ui.internal.decorators.LightweightDecoratorManager.getDecorations(LightweightDecoratorManager.java:346) ~[na:na]
	at org.eclipse.ui.internal.decorators.DecorationScheduler$1.ensureResultCached(DecorationScheduler.java:333) ~[na:na]
	at org.eclipse.ui.internal.decorators.DecorationScheduler$1.run(DecorationScheduler.java:300) ~[na:na]
	at org.eclipse.core.internal.jobs.Worker.run(Worker.java:63) ~[org.eclipse.core.jobs_3.10.400.v20190506-1457.jar:na]
2023-01-10 07:19:31,720 [Worker-3: Loading available Gradle versions] INFO  o.e.b.c.i.u.g.PublishedGradleVersions - Gradle version information cache is out-of-date. Trying to update.
2023-01-10 07:19:32,927 [Worker-6: Decoration Calculation] WARN  org.eclipse.jgit.util.FS - C:\Program Files\Git\etc\.probe-c47091bb-7fdc-4a03-a5da-00c806222c4c
java.nio.file.AccessDeniedException: C:\Program Files\Git\etc\.probe-c47091bb-7fdc-4a03-a5da-00c806222c4c
	at java.base/sun.nio.fs.WindowsException.translateToIOException(WindowsException.java:89) ~[na:na]
	at java.base/sun.nio.fs.WindowsException.rethrowAsIOException(WindowsException.java:103) ~[na:na]
	at java.base/sun.nio.fs.WindowsException.rethrowAsIOException(WindowsException.java:108) ~[na:na]
	at java.base/sun.nio.fs.WindowsFileSystemProvider.newByteChannel(WindowsFileSystemProvider.java:235) ~[na:na]
	at java.base/java.nio.file.Files.newByteChannel(Files.java:371) ~[na:na]
	at java.base/java.nio.file.Files.createFile(Files.java:648) ~[na:na]
	at org.eclipse.jgit.util.FS$FileStoreAttributeCache.<init>(FS.java:234) ~[na:na]
	at org.eclipse.jgit.util.FS$FileStoreAttributeCache.getFsTimestampResolution(FS.java:211) ~[na:na]
	at org.eclipse.jgit.util.FS.getFsTimerResolution(FS.java:321) ~[na:na]
	at org.eclipse.jgit.internal.storage.file.FileSnapshot.<init>(FileSnapshot.java:186) ~[na:na]
	at org.eclipse.jgit.internal.storage.file.FileSnapshot.save(FileSnapshot.java:122) ~[na:na]
	at org.eclipse.jgit.storage.file.FileBasedConfig.load(FileBasedConfig.java:156) ~[na:na]
	at org.eclipse.jgit.internal.storage.file.FileRepository.loadSystemConfig(FileRepository.java:245) ~[na:na]
	at org.eclipse.jgit.internal.storage.file.FileRepository.<init>(FileRepository.java:203) ~[na:na]
	at org.eclipse.jgit.storage.file.FileRepositoryBuilder.build(FileRepositoryBuilder.java:88) ~[na:na]
	at org.eclipse.jgit.storage.file.FileRepositoryBuilder.create(FileRepositoryBuilder.java:108) ~[na:na]
	at org.eclipse.egit.core.RepositoryCache.lookupRepository(RepositoryCache.java:58) ~[na:na]
	at org.eclipse.egit.core.project.GitProjectData.map(GitProjectData.java:693) ~[na:na]
	at org.eclipse.egit.core.project.GitProjectData.remapAll(GitProjectData.java:651) ~[na:na]
	at org.eclipse.egit.core.project.GitProjectData.load(GitProjectData.java:634) ~[na:na]
	at org.eclipse.egit.core.project.GitProjectData.get(GitProjectData.java:220) ~[na:na]
	at org.eclipse.egit.core.project.RepositoryMapping.getProjectData(RepositoryMapping.java:335) ~[na:na]
	at org.eclipse.egit.core.project.RepositoryMapping.findMapping(RepositoryMapping.java:356) ~[na:na]
	at org.eclipse.egit.core.project.RepositoryMapping.getMapping(RepositoryMapping.java:296) ~[na:na]
	at org.eclipse.egit.core.internal.util.ResourceUtil.getRepository(ResourceUtil.java:712) ~[na:na]
	at org.eclipse.egit.ui.internal.resources.ResourceStateFactory.getIndexDiffDataOrNull(ResourceStateFactory.java:103) ~[na:na]
	at org.eclipse.egit.ui.internal.decorators.GitLightweightDecorator.decorateResource(GitLightweightDecorator.java:224) ~[na:na]
	at org.eclipse.egit.ui.internal.decorators.GitLightweightDecorator.decorate(GitLightweightDecorator.java:201) ~[na:na]
	at org.eclipse.ui.internal.decorators.LightweightDecoratorDefinition.decorate(LightweightDecoratorDefinition.java:247) ~[na:na]
	at org.eclipse.ui.internal.decorators.LightweightDecoratorManager$LightweightRunnable.run(LightweightDecoratorManager.java:105) ~[na:na]
	at org.eclipse.core.runtime.SafeRunner.run(SafeRunner.java:45) ~[org.eclipse.equinox.common_3.10.400.v20190516-1504.jar:na]
	at org.eclipse.ui.internal.decorators.LightweightDecoratorManager.decorate(LightweightDecoratorManager.java:360) ~[na:na]
	at org.eclipse.ui.internal.decorators.LightweightDecoratorManager.getDecorations(LightweightDecoratorManager.java:346) ~[na:na]
	at org.eclipse.ui.internal.decorators.DecorationScheduler$1.ensureResultCached(DecorationScheduler.java:333) ~[na:na]
	at org.eclipse.ui.internal.decorators.DecorationScheduler$1.run(DecorationScheduler.java:300) ~[na:na]
	at org.eclipse.core.internal.jobs.Worker.run(Worker.java:63) ~[org.eclipse.core.jobs_3.10.400.v20190506-1457.jar:na]
2023-01-10 09:10:27,213 [Worker-1: Loading available Gradle versions] INFO  o.e.b.c.i.u.g.PublishedGradleVersions - Gradle version information cache is up-to-date. Trying to read.
2023-01-10 09:10:28,413 [Worker-6: Decoration Calculation] WARN  org.eclipse.jgit.util.FS - C:\Program Files\Git\etc\.probe-8b124efb-4ecc-4ac3-8398-3d33c5282d2b
java.nio.file.AccessDeniedException: C:\Program Files\Git\etc\.probe-8b124efb-4ecc-4ac3-8398-3d33c5282d2b
	at java.base/sun.nio.fs.WindowsException.translateToIOException(WindowsException.java:89) ~[na:na]
	at java.base/sun.nio.fs.WindowsException.rethrowAsIOException(WindowsException.java:103) ~[na:na]
	at java.base/sun.nio.fs.WindowsException.rethrowAsIOException(WindowsException.java:108) ~[na:na]
	at java.base/sun.nio.fs.WindowsFileSystemProvider.newByteChannel(WindowsFileSystemProvider.java:235) ~[na:na]
	at java.base/java.nio.file.Files.newByteChannel(Files.java:371) ~[na:na]
	at java.base/java.nio.file.Files.createFile(Files.java:648) ~[na:na]
	at org.eclipse.jgit.util.FS$FileStoreAttributeCache.<init>(FS.java:234) ~[na:na]
	at org.eclipse.jgit.util.FS$FileStoreAttributeCache.getFsTimestampResolution(FS.java:211) ~[na:na]
	at org.eclipse.jgit.util.FS.getFsTimerResolution(FS.java:321) ~[na:na]
	at org.eclipse.jgit.internal.storage.file.FileSnapshot.<init>(FileSnapshot.java:186) ~[na:na]
	at org.eclipse.jgit.internal.storage.file.FileSnapshot.save(FileSnapshot.java:122) ~[na:na]
	at org.eclipse.jgit.storage.file.FileBasedConfig.load(FileBasedConfig.java:156) ~[na:na]
	at org.eclipse.jgit.internal.storage.file.FileRepository.loadSystemConfig(FileRepository.java:245) ~[na:na]
	at org.eclipse.jgit.internal.storage.file.FileRepository.<init>(FileRepository.java:203) ~[na:na]
	at org.eclipse.jgit.storage.file.FileRepositoryBuilder.build(FileRepositoryBuilder.java:88) ~[na:na]
	at org.eclipse.jgit.storage.file.FileRepositoryBuilder.create(FileRepositoryBuilder.java:108) ~[na:na]
	at org.eclipse.egit.core.RepositoryCache.lookupRepository(RepositoryCache.java:58) ~[na:na]
	at org.eclipse.egit.core.project.GitProjectData.map(GitProjectData.java:693) ~[na:na]
	at org.eclipse.egit.core.project.GitProjectData.remapAll(GitProjectData.java:651) ~[na:na]
	at org.eclipse.egit.core.project.GitProjectData.load(GitProjectData.java:634) ~[na:na]
	at org.eclipse.egit.core.project.GitProjectData.get(GitProjectData.java:220) ~[na:na]
	at org.eclipse.egit.core.project.RepositoryMapping.getProjectData(RepositoryMapping.java:335) ~[na:na]
	at org.eclipse.egit.core.project.RepositoryMapping.findMapping(RepositoryMapping.java:356) ~[na:na]
	at org.eclipse.egit.core.project.RepositoryMapping.getMapping(RepositoryMapping.java:296) ~[na:na]
	at org.eclipse.egit.core.internal.util.ResourceUtil.getRepository(ResourceUtil.java:712) ~[na:na]
	at org.eclipse.egit.ui.internal.resources.ResourceStateFactory.getIndexDiffDataOrNull(ResourceStateFactory.java:103) ~[na:na]
	at org.eclipse.egit.ui.internal.decorators.GitLightweightDecorator.decorateResource(GitLightweightDecorator.java:224) ~[na:na]
	at org.eclipse.egit.ui.internal.decorators.GitLightweightDecorator.decorate(GitLightweightDecorator.java:201) ~[na:na]
	at org.eclipse.ui.internal.decorators.LightweightDecoratorDefinition.decorate(LightweightDecoratorDefinition.java:247) ~[na:na]
	at org.eclipse.ui.internal.decorators.LightweightDecoratorManager$LightweightRunnable.run(LightweightDecoratorManager.java:105) ~[na:na]
	at org.eclipse.core.runtime.SafeRunner.run(SafeRunner.java:45) ~[org.eclipse.equinox.common_3.10.400.v20190516-1504.jar:na]
	at org.eclipse.ui.internal.decorators.LightweightDecoratorManager.decorate(LightweightDecoratorManager.java:360) ~[na:na]
	at org.eclipse.ui.internal.decorators.LightweightDecoratorManager.getDecorations(LightweightDecoratorManager.java:346) ~[na:na]
	at org.eclipse.ui.internal.decorators.DecorationScheduler$1.ensureResultCached(DecorationScheduler.java:333) ~[na:na]
	at org.eclipse.ui.internal.decorators.DecorationScheduler$1.run(DecorationScheduler.java:300) ~[na:na]
	at org.eclipse.core.internal.jobs.Worker.run(Worker.java:63) ~[org.eclipse.core.jobs_3.10.400.v20190506-1457.jar:na]
2023-01-11 09:05:10,714 [Worker-0: Loading available Gradle versions] INFO  o.e.b.c.i.u.g.PublishedGradleVersions - Gradle version information cache is out-of-date. Trying to update.
2023-01-11 09:05:12,187 [Worker-3: Decoration Calculation] WARN  org.eclipse.jgit.util.FS - C:\Program Files\Git\etc\.probe-8bc24334-689e-4e18-b543-8755ecaf6e39
java.nio.file.AccessDeniedException: C:\Program Files\Git\etc\.probe-8bc24334-689e-4e18-b543-8755ecaf6e39
	at java.base/sun.nio.fs.WindowsException.translateToIOException(WindowsException.java:89) ~[na:na]
	at java.base/sun.nio.fs.WindowsException.rethrowAsIOException(WindowsException.java:103) ~[na:na]
	at java.base/sun.nio.fs.WindowsException.rethrowAsIOException(WindowsException.java:108) ~[na:na]
	at java.base/sun.nio.fs.WindowsFileSystemProvider.newByteChannel(WindowsFileSystemProvider.java:235) ~[na:na]
	at java.base/java.nio.file.Files.newByteChannel(Files.java:371) ~[na:na]
	at java.base/java.nio.file.Files.createFile(Files.java:648) ~[na:na]
	at org.eclipse.jgit.util.FS$FileStoreAttributeCache.<init>(FS.java:234) ~[na:na]
	at org.eclipse.jgit.util.FS$FileStoreAttributeCache.getFsTimestampResolution(FS.java:211) ~[na:na]
	at org.eclipse.jgit.util.FS.getFsTimerResolution(FS.java:321) ~[na:na]
	at org.eclipse.jgit.internal.storage.file.FileSnapshot.<init>(FileSnapshot.java:186) ~[na:na]
	at org.eclipse.jgit.internal.storage.file.FileSnapshot.save(FileSnapshot.java:122) ~[na:na]
	at org.eclipse.jgit.storage.file.FileBasedConfig.load(FileBasedConfig.java:156) ~[na:na]
	at org.eclipse.jgit.internal.storage.file.FileRepository.loadSystemConfig(FileRepository.java:245) ~[na:na]
	at org.eclipse.jgit.internal.storage.file.FileRepository.<init>(FileRepository.java:203) ~[na:na]
	at org.eclipse.jgit.storage.file.FileRepositoryBuilder.build(FileRepositoryBuilder.java:88) ~[na:na]
	at org.eclipse.jgit.storage.file.FileRepositoryBuilder.create(FileRepositoryBuilder.java:108) ~[na:na]
	at org.eclipse.egit.core.RepositoryCache.lookupRepository(RepositoryCache.java:58) ~[na:na]
	at org.eclipse.egit.core.project.GitProjectData.map(GitProjectData.java:693) ~[na:na]
	at org.eclipse.egit.core.project.GitProjectData.remapAll(GitProjectData.java:651) ~[na:na]
	at org.eclipse.egit.core.project.GitProjectData.load(GitProjectData.java:634) ~[na:na]
	at org.eclipse.egit.core.project.GitProjectData.get(GitProjectData.java:220) ~[na:na]
	at org.eclipse.egit.core.project.RepositoryMapping.getProjectData(RepositoryMapping.java:335) ~[na:na]
	at org.eclipse.egit.core.project.RepositoryMapping.findMapping(RepositoryMapping.java:356) ~[na:na]
	at org.eclipse.egit.core.project.RepositoryMapping.getMapping(RepositoryMapping.java:296) ~[na:na]
	at org.eclipse.egit.core.internal.util.ResourceUtil.getRepository(ResourceUtil.java:712) ~[na:na]
	at org.eclipse.egit.ui.internal.resources.ResourceStateFactory.getIndexDiffDataOrNull(ResourceStateFactory.java:103) ~[na:na]
	at org.eclipse.egit.ui.internal.decorators.GitLightweightDecorator.decorateResource(GitLightweightDecorator.java:224) ~[na:na]
	at org.eclipse.egit.ui.internal.decorators.GitLightweightDecorator.decorate(GitLightweightDecorator.java:201) ~[na:na]
	at org.eclipse.ui.internal.decorators.LightweightDecoratorDefinition.decorate(LightweightDecoratorDefinition.java:247) ~[na:na]
	at org.eclipse.ui.internal.decorators.LightweightDecoratorManager$LightweightRunnable.run(LightweightDecoratorManager.java:105) ~[na:na]
	at org.eclipse.core.runtime.SafeRunner.run(SafeRunner.java:45) ~[org.eclipse.equinox.common_3.10.400.v20190516-1504.jar:na]
	at org.eclipse.ui.internal.decorators.LightweightDecoratorManager.decorate(LightweightDecoratorManager.java:360) ~[na:na]
	at org.eclipse.ui.internal.decorators.LightweightDecoratorManager.getDecorations(LightweightDecoratorManager.java:346) ~[na:na]
	at org.eclipse.ui.internal.decorators.DecorationScheduler$1.ensureResultCached(DecorationScheduler.java:333) ~[na:na]
	at org.eclipse.ui.internal.decorators.DecorationScheduler$1.run(DecorationScheduler.java:300) ~[na:na]
	at org.eclipse.core.internal.jobs.Worker.run(Worker.java:63) ~[org.eclipse.core.jobs_3.10.400.v20190506-1457.jar:na]
2023-01-11 14:06:35,499 [Worker-0: Loading available Gradle versions] INFO  o.e.b.c.i.u.g.PublishedGradleVersions - Gradle version information cache is up-to-date. Trying to read.
2023-01-11 14:06:36,797 [Worker-1: Decoration Calculation] WARN  org.eclipse.jgit.util.FS - C:\Program Files\Git\etc\.probe-a0b354f1-c37f-4d51-80ec-e9ed023df2ce
java.nio.file.AccessDeniedException: C:\Program Files\Git\etc\.probe-a0b354f1-c37f-4d51-80ec-e9ed023df2ce
	at java.base/sun.nio.fs.WindowsException.translateToIOException(WindowsException.java:89) ~[na:na]
	at java.base/sun.nio.fs.WindowsException.rethrowAsIOException(WindowsException.java:103) ~[na:na]
	at java.base/sun.nio.fs.WindowsException.rethrowAsIOException(WindowsException.java:108) ~[na:na]
	at java.base/sun.nio.fs.WindowsFileSystemProvider.newByteChannel(WindowsFileSystemProvider.java:235) ~[na:na]
	at java.base/java.nio.file.Files.newByteChannel(Files.java:371) ~[na:na]
	at java.base/java.nio.file.Files.createFile(Files.java:648) ~[na:na]
	at org.eclipse.jgit.util.FS$FileStoreAttributeCache.<init>(FS.java:234) ~[na:na]
	at org.eclipse.jgit.util.FS$FileStoreAttributeCache.getFsTimestampResolution(FS.java:211) ~[na:na]
	at org.eclipse.jgit.util.FS.getFsTimerResolution(FS.java:321) ~[na:na]
	at org.eclipse.jgit.internal.storage.file.FileSnapshot.<init>(FileSnapshot.java:186) ~[na:na]
	at org.eclipse.jgit.internal.storage.file.FileSnapshot.save(FileSnapshot.java:122) ~[na:na]
	at org.eclipse.jgit.storage.file.FileBasedConfig.load(FileBasedConfig.java:156) ~[na:na]
	at org.eclipse.jgit.internal.storage.file.FileRepository.loadSystemConfig(FileRepository.java:245) ~[na:na]
	at org.eclipse.jgit.internal.storage.file.FileRepository.<init>(FileRepository.java:203) ~[na:na]
	at org.eclipse.jgit.storage.file.FileRepositoryBuilder.build(FileRepositoryBuilder.java:88) ~[na:na]
	at org.eclipse.jgit.storage.file.FileRepositoryBuilder.create(FileRepositoryBuilder.java:108) ~[na:na]
	at org.eclipse.egit.core.RepositoryCache.lookupRepository(RepositoryCache.java:58) ~[na:na]
	at org.eclipse.egit.core.project.GitProjectData.map(GitProjectData.java:693) ~[na:na]
	at org.eclipse.egit.core.project.GitProjectData.remapAll(GitProjectData.java:651) ~[na:na]
	at org.eclipse.egit.core.project.GitProjectData.load(GitProjectData.java:634) ~[na:na]
	at org.eclipse.egit.core.project.GitProjectData.get(GitProjectData.java:220) ~[na:na]
	at org.eclipse.egit.core.project.RepositoryMapping.getProjectData(RepositoryMapping.java:335) ~[na:na]
	at org.eclipse.egit.core.project.RepositoryMapping.findMapping(RepositoryMapping.java:356) ~[na:na]
	at org.eclipse.egit.core.project.RepositoryMapping.getMapping(RepositoryMapping.java:296) ~[na:na]
	at org.eclipse.egit.core.internal.util.ResourceUtil.getRepository(ResourceUtil.java:712) ~[na:na]
	at org.eclipse.egit.ui.internal.resources.ResourceStateFactory.getIndexDiffDataOrNull(ResourceStateFactory.java:103) ~[na:na]
	at org.eclipse.egit.ui.internal.decorators.GitLightweightDecorator.decorateResource(GitLightweightDecorator.java:224) ~[na:na]
	at org.eclipse.egit.ui.internal.decorators.GitLightweightDecorator.decorate(GitLightweightDecorator.java:201) ~[na:na]
	at org.eclipse.ui.internal.decorators.LightweightDecoratorDefinition.decorate(LightweightDecoratorDefinition.java:247) ~[na:na]
	at org.eclipse.ui.internal.decorators.LightweightDecoratorManager$LightweightRunnable.run(LightweightDecoratorManager.java:105) ~[na:na]
	at org.eclipse.core.runtime.SafeRunner.run(SafeRunner.java:45) ~[org.eclipse.equinox.common_3.10.400.v20190516-1504.jar:na]
	at org.eclipse.ui.internal.decorators.LightweightDecoratorManager.decorate(LightweightDecoratorManager.java:360) ~[na:na]
	at org.eclipse.ui.internal.decorators.LightweightDecoratorManager.getDecorations(LightweightDecoratorManager.java:346) ~[na:na]
	at org.eclipse.ui.internal.decorators.DecorationScheduler$1.ensureResultCached(DecorationScheduler.java:333) ~[na:na]
	at org.eclipse.ui.internal.decorators.DecorationScheduler$1.run(DecorationScheduler.java:300) ~[na:na]
	at org.eclipse.core.internal.jobs.Worker.run(Worker.java:63) ~[org.eclipse.core.jobs_3.10.400.v20190506-1457.jar:na]
2023-01-12 09:00:28,921 [Worker-4: Loading available Gradle versions] INFO  o.e.b.c.i.u.g.PublishedGradleVersions - Gradle version information cache is up-to-date. Trying to read.
2023-01-12 09:00:30,102 [Worker-5: Decoration Calculation] WARN  org.eclipse.jgit.util.FS - C:\Program Files\Git\etc\.probe-5ccbd223-0446-41b5-83fb-6d57a0001678
java.nio.file.AccessDeniedException: C:\Program Files\Git\etc\.probe-5ccbd223-0446-41b5-83fb-6d57a0001678
	at java.base/sun.nio.fs.WindowsException.translateToIOException(WindowsException.java:89) ~[na:na]
	at java.base/sun.nio.fs.WindowsException.rethrowAsIOException(WindowsException.java:103) ~[na:na]
	at java.base/sun.nio.fs.WindowsException.rethrowAsIOException(WindowsException.java:108) ~[na:na]
	at java.base/sun.nio.fs.WindowsFileSystemProvider.newByteChannel(WindowsFileSystemProvider.java:235) ~[na:na]
	at java.base/java.nio.file.Files.newByteChannel(Files.java:371) ~[na:na]
	at java.base/java.nio.file.Files.createFile(Files.java:648) ~[na:na]
	at org.eclipse.jgit.util.FS$FileStoreAttributeCache.<init>(FS.java:234) ~[na:na]
	at org.eclipse.jgit.util.FS$FileStoreAttributeCache.getFsTimestampResolution(FS.java:211) ~[na:na]
	at org.eclipse.jgit.util.FS.getFsTimerResolution(FS.java:321) ~[na:na]
	at org.eclipse.jgit.internal.storage.file.FileSnapshot.<init>(FileSnapshot.java:186) ~[na:na]
	at org.eclipse.jgit.internal.storage.file.FileSnapshot.save(FileSnapshot.java:122) ~[na:na]
	at org.eclipse.jgit.storage.file.FileBasedConfig.load(FileBasedConfig.java:156) ~[na:na]
	at org.eclipse.jgit.internal.storage.file.FileRepository.loadSystemConfig(FileRepository.java:245) ~[na:na]
	at org.eclipse.jgit.internal.storage.file.FileRepository.<init>(FileRepository.java:203) ~[na:na]
	at org.eclipse.jgit.storage.file.FileRepositoryBuilder.build(FileRepositoryBuilder.java:88) ~[na:na]
	at org.eclipse.jgit.storage.file.FileRepositoryBuilder.create(FileRepositoryBuilder.java:108) ~[na:na]
	at org.eclipse.egit.core.RepositoryCache.lookupRepository(RepositoryCache.java:58) ~[na:na]
	at org.eclipse.egit.core.project.GitProjectData.map(GitProjectData.java:693) ~[na:na]
	at org.eclipse.egit.core.project.GitProjectData.remapAll(GitProjectData.java:651) ~[na:na]
	at org.eclipse.egit.core.project.GitProjectData.load(GitProjectData.java:634) ~[na:na]
	at org.eclipse.egit.core.project.GitProjectData.get(GitProjectData.java:220) ~[na:na]
	at org.eclipse.egit.core.project.RepositoryMapping.getProjectData(RepositoryMapping.java:335) ~[na:na]
	at org.eclipse.egit.core.project.RepositoryMapping.findMapping(RepositoryMapping.java:356) ~[na:na]
	at org.eclipse.egit.core.project.RepositoryMapping.getMapping(RepositoryMapping.java:296) ~[na:na]
	at org.eclipse.egit.core.internal.util.ResourceUtil.getRepository(ResourceUtil.java:712) ~[na:na]
	at org.eclipse.egit.ui.internal.resources.ResourceStateFactory.getIndexDiffDataOrNull(ResourceStateFactory.java:103) ~[na:na]
	at org.eclipse.egit.ui.internal.decorators.GitLightweightDecorator.decorateResource(GitLightweightDecorator.java:224) ~[na:na]
	at org.eclipse.egit.ui.internal.decorators.GitLightweightDecorator.decorate(GitLightweightDecorator.java:201) ~[na:na]
	at org.eclipse.ui.internal.decorators.LightweightDecoratorDefinition.decorate(LightweightDecoratorDefinition.java:247) ~[na:na]
	at org.eclipse.ui.internal.decorators.LightweightDecoratorManager$LightweightRunnable.run(LightweightDecoratorManager.java:105) ~[na:na]
	at org.eclipse.core.runtime.SafeRunner.run(SafeRunner.java:45) ~[org.eclipse.equinox.common_3.10.400.v20190516-1504.jar:na]
	at org.eclipse.ui.internal.decorators.LightweightDecoratorManager.decorate(LightweightDecoratorManager.java:360) ~[na:na]
	at org.eclipse.ui.internal.decorators.LightweightDecoratorManager.getDecorations(LightweightDecoratorManager.java:346) ~[na:na]
	at org.eclipse.ui.internal.decorators.DecorationScheduler$1.ensureResultCached(DecorationScheduler.java:333) ~[na:na]
	at org.eclipse.ui.internal.decorators.DecorationScheduler$1.run(DecorationScheduler.java:300) ~[na:na]
	at org.eclipse.core.internal.jobs.Worker.run(Worker.java:63) ~[org.eclipse.core.jobs_3.10.400.v20190506-1457.jar:na]
2023-01-13 09:13:31,681 [main] WARN  org.eclipse.jgit.util.FS - C:\Program Files\Git\etc\.probe-b505891b-e12f-4716-b8f2-6ccf2b429387
java.nio.file.AccessDeniedException: C:\Program Files\Git\etc\.probe-b505891b-e12f-4716-b8f2-6ccf2b429387
	at java.base/sun.nio.fs.WindowsException.translateToIOException(WindowsException.java:89) ~[na:na]
	at java.base/sun.nio.fs.WindowsException.rethrowAsIOException(WindowsException.java:103) ~[na:na]
	at java.base/sun.nio.fs.WindowsException.rethrowAsIOException(WindowsException.java:108) ~[na:na]
	at java.base/sun.nio.fs.WindowsFileSystemProvider.newByteChannel(WindowsFileSystemProvider.java:235) ~[na:na]
	at java.base/java.nio.file.Files.newByteChannel(Files.java:371) ~[na:na]
	at java.base/java.nio.file.Files.createFile(Files.java:648) ~[na:na]
	at org.eclipse.jgit.util.FS$FileStoreAttributeCache.<init>(FS.java:234) ~[na:na]
	at org.eclipse.jgit.util.FS$FileStoreAttributeCache.getFsTimestampResolution(FS.java:211) ~[na:na]
	at org.eclipse.jgit.util.FS.getFsTimerResolution(FS.java:321) ~[na:na]
	at org.eclipse.jgit.internal.storage.file.FileSnapshot.<init>(FileSnapshot.java:186) ~[na:na]
	at org.eclipse.jgit.internal.storage.file.FileSnapshot.save(FileSnapshot.java:122) ~[na:na]
	at org.eclipse.jgit.storage.file.FileBasedConfig.load(FileBasedConfig.java:156) ~[na:na]
	at org.eclipse.jgit.internal.storage.file.FileRepository.loadSystemConfig(FileRepository.java:245) ~[na:na]
	at org.eclipse.jgit.internal.storage.file.FileRepository.<init>(FileRepository.java:203) ~[na:na]
	at org.eclipse.jgit.storage.file.FileRepositoryBuilder.build(FileRepositoryBuilder.java:88) ~[na:na]
	at org.eclipse.jgit.storage.file.FileRepositoryBuilder.create(FileRepositoryBuilder.java:108) ~[na:na]
	at org.eclipse.egit.core.RepositoryCache.lookupRepository(RepositoryCache.java:58) ~[na:na]
	at org.eclipse.egit.core.project.GitProjectData.map(GitProjectData.java:693) ~[na:na]
	at org.eclipse.egit.core.project.GitProjectData.remapAll(GitProjectData.java:651) ~[na:na]
	at org.eclipse.egit.core.project.GitProjectData.load(GitProjectData.java:634) ~[na:na]
	at org.eclipse.egit.core.project.GitProjectData.get(GitProjectData.java:220) ~[na:na]
	at org.eclipse.egit.core.project.RepositoryMapping.getProjectData(RepositoryMapping.java:335) ~[na:na]
	at org.eclipse.egit.core.project.RepositoryMapping.getMappings(RepositoryMapping.java:373) ~[na:na]
	at org.eclipse.egit.core.project.RepositoryMapping.getMapping(RepositoryMapping.java:396) ~[na:na]
	at org.eclipse.egit.ui.internal.factories.GitAdapterFactory.getRepository(GitAdapterFactory.java:188) ~[na:na]
	at org.eclipse.egit.ui.internal.factories.GitAdapterFactory.getAdapter(GitAdapterFactory.java:107) ~[na:na]
	at org.eclipse.core.internal.adapter.AdapterFactoryProxy.getAdapter(AdapterFactoryProxy.java:85) ~[org.eclipse.equinox.registry_3.8.400.v20190516-1504.jar:na]
	at org.eclipse.core.internal.runtime.AdapterManager.getAdapter(AdapterManager.java:298) ~[org.eclipse.equinox.common_3.10.400.v20190516-1504.jar:na]
	at org.eclipse.core.runtime.PlatformObject.getAdapter(PlatformObject.java:72) ~[org.eclipse.equinox.common_3.10.400.v20190516-1504.jar:na]
	at org.eclipse.ui.part.FileEditorInput.getAdapter(FileEditorInput.java:242) ~[na:na]
	at org.eclipse.core.runtime.Adapters.adapt(Adapters.java:63) ~[org.eclipse.equinox.common_3.10.400.v20190516-1504.jar:na]
	at org.eclipse.core.runtime.Adapters.adapt(Adapters.java:112) ~[org.eclipse.equinox.common_3.10.400.v20190516-1504.jar:na]
	at org.eclipse.egit.ui.internal.staging.StagingView$23.selectionChanged(StagingView.java:1208) ~[na:na]
	at org.eclipse.egit.ui.UIUtils.notifySelectionChangedWithCurrentSelection(UIUtils.java:1009) ~[na:na]
	at org.eclipse.egit.ui.internal.staging.StagingView.createPartControl(StagingView.java:1303) ~[na:na]
	at org.eclipse.ui.internal.e4.compatibility.CompatibilityPart.createPartControl(CompatibilityPart.java:154) ~[na:na]
	at org.eclipse.ui.internal.e4.compatibility.CompatibilityView.createPartControl(CompatibilityView.java:155) ~[na:na]
	at org.eclipse.ui.internal.e4.compatibility.CompatibilityPart.create(CompatibilityPart.java:362) ~[na:na]
	at java.base/jdk.internal.reflect.NativeMethodAccessorImpl.invoke0(Native Method) ~[na:na]
	at java.base/jdk.internal.reflect.NativeMethodAccessorImpl.invoke(NativeMethodAccessorImpl.java:62) ~[na:na]
	at java.base/jdk.internal.reflect.DelegatingMethodAccessorImpl.invoke(DelegatingMethodAccessorImpl.java:43) ~[na:na]
	at java.base/java.lang.reflect.Method.invoke(Method.java:566) ~[na:na]
	at org.eclipse.e4.core.internal.di.MethodRequestor.execute(MethodRequestor.java:58) ~[na:na]
	at org.eclipse.e4.core.internal.di.InjectorImpl.processAnnotated(InjectorImpl.java:1001) ~[na:na]
	at org.eclipse.e4.core.internal.di.InjectorImpl.processAnnotated(InjectorImpl.java:966) ~[na:na]
	at org.eclipse.e4.core.internal.di.InjectorImpl.internalInject(InjectorImpl.java:139) ~[na:na]
	at org.eclipse.e4.core.internal.di.InjectorImpl.internalMake(InjectorImpl.java:411) ~[na:na]
	at org.eclipse.e4.core.internal.di.InjectorImpl.make(InjectorImpl.java:333) ~[na:na]
	at org.eclipse.e4.core.contexts.ContextInjectionFactory.make(ContextInjectionFactory.java:202) ~[na:na]
	at org.eclipse.e4.ui.internal.workbench.ReflectionContributionFactory.createFromBundle(ReflectionContributionFactory.java:91) ~[na:na]
	at org.eclipse.e4.ui.internal.workbench.ReflectionContributionFactory.doCreate(ReflectionContributionFactory.java:60) ~[na:na]
	at org.eclipse.e4.ui.internal.workbench.ReflectionContributionFactory.create(ReflectionContributionFactory.java:42) ~[na:na]
	at org.eclipse.e4.ui.workbench.renderers.swt.ContributedPartRenderer.createWidget(ContributedPartRenderer.java:132) ~[na:na]
	at org.eclipse.e4.ui.internal.workbench.swt.PartRenderingEngine.createWidget(PartRenderingEngine.java:1015) ~[na:na]
	at org.eclipse.e4.ui.internal.workbench.swt.PartRenderingEngine.safeCreateGui(PartRenderingEngine.java:675) ~[na:na]
	at org.eclipse.e4.ui.internal.workbench.swt.PartRenderingEngine$1.run(PartRenderingEngine.java:560) ~[na:na]
	at org.eclipse.core.runtime.SafeRunner.run(SafeRunner.java:45) ~[org.eclipse.equinox.common_3.10.400.v20190516-1504.jar:na]
	at org.eclipse.e4.ui.internal.workbench.swt.PartRenderingEngine.createGui(PartRenderingEngine.java:544) ~[na:na]
	at org.eclipse.e4.ui.workbench.renderers.swt.ElementReferenceRenderer.createWidget(ElementReferenceRenderer.java:73) ~[na:na]
	at org.eclipse.e4.ui.internal.workbench.swt.PartRenderingEngine.createWidget(PartRenderingEngine.java:1015) ~[na:na]
	at org.eclipse.e4.ui.internal.workbench.swt.PartRenderingEngine.safeCreateGui(PartRenderingEngine.java:675) ~[na:na]
	at org.eclipse.e4.ui.internal.workbench.swt.PartRenderingEngine.safeCreateGui(PartRenderingEngine.java:781) ~[na:na]
	at org.eclipse.e4.ui.internal.workbench.swt.PartRenderingEngine.access$0(PartRenderingEngine.java:752) ~[na:na]
	at org.eclipse.e4.ui.internal.workbench.swt.PartRenderingEngine$2.run(PartRenderingEngine.java:746) ~[na:na]
	at org.eclipse.core.runtime.SafeRunner.run(SafeRunner.java:45) ~[org.eclipse.equinox.common_3.10.400.v20190516-1504.jar:na]
	at org.eclipse.e4.ui.internal.workbench.swt.PartRenderingEngine.createGui(PartRenderingEngine.java:730) ~[na:na]
	at org.eclipse.e4.ui.workbench.renderers.swt.StackRenderer.showTab(StackRenderer.java:1294) ~[na:na]
	at org.eclipse.e4.ui.workbench.renderers.swt.LazyStackRenderer.postProcess(LazyStackRenderer.java:105) ~[na:na]
	at org.eclipse.e4.ui.internal.workbench.swt.PartRenderingEngine.safeCreateGui(PartRenderingEngine.java:693) ~[na:na]
	at org.eclipse.e4.ui.internal.workbench.swt.PartRenderingEngine.safeCreateGui(PartRenderingEngine.java:781) ~[na:na]
	at org.eclipse.e4.ui.internal.workbench.swt.PartRenderingEngine.access$0(PartRenderingEngine.java:752) ~[na:na]
	at org.eclipse.e4.ui.internal.workbench.swt.PartRenderingEngine$2.run(PartRenderingEngine.java:746) ~[na:na]
	at org.eclipse.core.runtime.SafeRunner.run(SafeRunner.java:45) ~[org.eclipse.equinox.common_3.10.400.v20190516-1504.jar:na]
	at org.eclipse.e4.ui.internal.workbench.swt.PartRenderingEngine.createGui(PartRenderingEngine.java:730) ~[na:na]
	at org.eclipse.e4.ui.workbench.renderers.swt.SWTPartRenderer.processContents(SWTPartRenderer.java:72) ~[na:na]
	at org.eclipse.e4.ui.workbench.renderers.swt.SashRenderer.processContents(SashRenderer.java:140) ~[na:na]
	at org.eclipse.e4.ui.internal.workbench.swt.PartRenderingEngine.safeCreateGui(PartRenderingEngine.java:689) ~[na:na]
	at org.eclipse.e4.ui.internal.workbench.swt.PartRenderingEngine.safeCreateGui(PartRenderingEngine.java:781) ~[na:na]
	at org.eclipse.e4.ui.internal.workbench.swt.PartRenderingEngine.access$0(PartRenderingEngine.java:752) ~[na:na]
	at org.eclipse.e4.ui.internal.workbench.swt.PartRenderingEngine$2.run(PartRenderingEngine.java:746) ~[na:na]
	at org.eclipse.core.runtime.SafeRunner.run(SafeRunner.java:45) ~[org.eclipse.equinox.common_3.10.400.v20190516-1504.jar:na]
	at org.eclipse.e4.ui.internal.workbench.swt.PartRenderingEngine.createGui(PartRenderingEngine.java:730) ~[na:na]
	at org.eclipse.e4.ui.workbench.renderers.swt.SWTPartRenderer.processContents(SWTPartRenderer.java:72) ~[na:na]
	at org.eclipse.e4.ui.workbench.renderers.swt.SashRenderer.processContents(SashRenderer.java:140) ~[na:na]
	at org.eclipse.e4.ui.internal.workbench.swt.PartRenderingEngine.safeCreateGui(PartRenderingEngine.java:689) ~[na:na]
	at org.eclipse.e4.ui.internal.workbench.swt.PartRenderingEngine.safeCreateGui(PartRenderingEngine.java:781) ~[na:na]
	at org.eclipse.e4.ui.internal.workbench.swt.PartRenderingEngine.access$0(PartRenderingEngine.java:752) ~[na:na]
	at org.eclipse.e4.ui.internal.workbench.swt.PartRenderingEngine$2.run(PartRenderingEngine.java:746) ~[na:na]
	at org.eclipse.core.runtime.SafeRunner.run(SafeRunner.java:45) ~[org.eclipse.equinox.common_3.10.400.v20190516-1504.jar:na]
	at org.eclipse.e4.ui.internal.workbench.swt.PartRenderingEngine.createGui(PartRenderingEngine.java:730) ~[na:na]
	at org.eclipse.e4.ui.workbench.renderers.swt.SWTPartRenderer.processContents(SWTPartRenderer.java:72) ~[na:na]
	at org.eclipse.e4.ui.workbench.renderers.swt.PerspectiveRenderer.processContents(PerspectiveRenderer.java:51) ~[na:na]
	at org.eclipse.e4.ui.internal.workbench.swt.PartRenderingEngine.safeCreateGui(PartRenderingEngine.java:689) ~[na:na]
	at org.eclipse.e4.ui.internal.workbench.swt.PartRenderingEngine.safeCreateGui(PartRenderingEngine.java:781) ~[na:na]
	at org.eclipse.e4.ui.internal.workbench.swt.PartRenderingEngine.access$0(PartRenderingEngine.java:752) ~[na:na]
	at org.eclipse.e4.ui.internal.workbench.swt.PartRenderingEngine$2.run(PartRenderingEngine.java:746) ~[na:na]
	at org.eclipse.core.runtime.SafeRunner.run(SafeRunner.java:45) ~[org.eclipse.equinox.common_3.10.400.v20190516-1504.jar:na]
	at org.eclipse.e4.ui.internal.workbench.swt.PartRenderingEngine.createGui(PartRenderingEngine.java:730) ~[na:na]
	at org.eclipse.e4.ui.workbench.renderers.swt.PerspectiveStackRenderer.showTab(PerspectiveStackRenderer.java:82) ~[na:na]
	at org.eclipse.e4.ui.workbench.renderers.swt.LazyStackRenderer.postProcess(LazyStackRenderer.java:105) ~[na:na]
	at org.eclipse.e4.ui.workbench.renderers.swt.PerspectiveStackRenderer.postProcess(PerspectiveStackRenderer.java:64) ~[na:na]
	at org.eclipse.e4.ui.internal.workbench.swt.PartRenderingEngine.safeCreateGui(PartRenderingEngine.java:693) ~[na:na]
	at org.eclipse.e4.ui.internal.workbench.swt.PartRenderingEngine.safeCreateGui(PartRenderingEngine.java:781) ~[na:na]
	at org.eclipse.e4.ui.internal.workbench.swt.PartRenderingEngine.access$0(PartRenderingEngine.java:752) ~[na:na]
	at org.eclipse.e4.ui.internal.workbench.swt.PartRenderingEngine$2.run(PartRenderingEngine.java:746) ~[na:na]
	at org.eclipse.core.runtime.SafeRunner.run(SafeRunner.java:45) ~[org.eclipse.equinox.common_3.10.400.v20190516-1504.jar:na]
	at org.eclipse.e4.ui.internal.workbench.swt.PartRenderingEngine.createGui(PartRenderingEngine.java:730) ~[na:na]
	at org.eclipse.e4.ui.workbench.renderers.swt.SWTPartRenderer.processContents(SWTPartRenderer.java:72) ~[na:na]
	at org.eclipse.e4.ui.workbench.renderers.swt.SashRenderer.processContents(SashRenderer.java:140) ~[na:na]
	at org.eclipse.e4.ui.internal.workbench.swt.PartRenderingEngine.safeCreateGui(PartRenderingEngine.java:689) ~[na:na]
	at org.eclipse.e4.ui.internal.workbench.swt.PartRenderingEngine.safeCreateGui(PartRenderingEngine.java:781) ~[na:na]
	at org.eclipse.e4.ui.internal.workbench.swt.PartRenderingEngine.access$0(PartRenderingEngine.java:752) ~[na:na]
	at org.eclipse.e4.ui.internal.workbench.swt.PartRenderingEngine$2.run(PartRenderingEngine.java:746) ~[na:na]
	at org.eclipse.core.runtime.SafeRunner.run(SafeRunner.java:45) ~[org.eclipse.equinox.common_3.10.400.v20190516-1504.jar:na]
	at org.eclipse.e4.ui.internal.workbench.swt.PartRenderingEngine.createGui(PartRenderingEngine.java:730) ~[na:na]
	at org.eclipse.e4.ui.workbench.renderers.swt.SWTPartRenderer.processContents(SWTPartRenderer.java:72) ~[na:na]
	at org.eclipse.e4.ui.workbench.renderers.swt.WBWRenderer.processContents(WBWRenderer.java:665) ~[na:na]
	at org.eclipse.e4.ui.internal.workbench.swt.PartRenderingEngine.safeCreateGui(PartRenderingEngine.java:689) ~[na:na]
	at org.eclipse.e4.ui.internal.workbench.swt.PartRenderingEngine.safeCreateGui(PartRenderingEngine.java:781) ~[na:na]
	at org.eclipse.e4.ui.internal.workbench.swt.PartRenderingEngine.access$0(PartRenderingEngine.java:752) ~[na:na]
	at org.eclipse.e4.ui.internal.workbench.swt.PartRenderingEngine$2.run(PartRenderingEngine.java:746) ~[na:na]
	at org.eclipse.core.runtime.SafeRunner.run(SafeRunner.java:45) ~[org.eclipse.equinox.common_3.10.400.v20190516-1504.jar:na]
	at org.eclipse.e4.ui.internal.workbench.swt.PartRenderingEngine.createGui(PartRenderingEngine.java:730) ~[na:na]
	at org.eclipse.e4.ui.internal.workbench.swt.PartRenderingEngine$5.run(PartRenderingEngine.java:1099) ~[na:na]
	at org.eclipse.core.databinding.observable.Realm.runWithDefault(Realm.java:338) ~[na:na]
	at org.eclipse.e4.ui.internal.workbench.swt.PartRenderingEngine.run(PartRenderingEngine.java:1062) ~[na:na]
	at org.eclipse.e4.ui.internal.workbench.E4Workbench.createAndRunUI(E4Workbench.java:155) ~[na:na]
	at org.eclipse.ui.internal.Workbench.lambda$3(Workbench.java:635) ~[na:na]
	at org.eclipse.core.databinding.observable.Realm.runWithDefault(Realm.java:338) ~[na:na]
	at org.eclipse.ui.internal.Workbench.createAndRunWorkbench(Workbench.java:559) ~[na:na]
	at org.eclipse.ui.PlatformUI.createAndRunWorkbench(PlatformUI.java:150) ~[na:na]
	at org.eclipse.ui.internal.ide.application.IDEApplication.start(IDEApplication.java:155) ~[na:na]
	at org.eclipse.equinox.internal.app.EclipseAppHandle.run(EclipseAppHandle.java:203) ~[org.eclipse.equinox.app_1.4.200.v20190516-1504.jar:na]
	at org.eclipse.core.runtime.internal.adaptor.EclipseAppLauncher.runApplication(EclipseAppLauncher.java:137) ~[org.eclipse.osgi_3.14.0.v20190517-1309.jar:na]
	at org.eclipse.core.runtime.internal.adaptor.EclipseAppLauncher.start(EclipseAppLauncher.java:107) ~[org.eclipse.osgi_3.14.0.v20190517-1309.jar:na]
	at org.eclipse.core.runtime.adaptor.EclipseStarter.run(EclipseStarter.java:400) ~[org.eclipse.osgi_3.14.0.v20190517-1309.jar:na]
	at org.eclipse.core.runtime.adaptor.EclipseStarter.run(EclipseStarter.java:255) ~[org.eclipse.osgi_3.14.0.v20190517-1309.jar:na]
	at java.base/jdk.internal.reflect.NativeMethodAccessorImpl.invoke0(Native Method) ~[na:na]
	at java.base/jdk.internal.reflect.NativeMethodAccessorImpl.invoke(NativeMethodAccessorImpl.java:62) ~[na:na]
	at java.base/jdk.internal.reflect.DelegatingMethodAccessorImpl.invoke(DelegatingMethodAccessorImpl.java:43) ~[na:na]
	at java.base/java.lang.reflect.Method.invoke(Method.java:566) ~[na:na]
	at org.eclipse.equinox.launcher.Main.invokeFramework(Main.java:660) ~[org.eclipse.equinox.launcher_1.5.400.v20190515-0925.jar:na]
	at org.eclipse.equinox.launcher.Main.basicRun(Main.java:597) ~[org.eclipse.equinox.launcher_1.5.400.v20190515-0925.jar:na]
	at org.eclipse.equinox.launcher.Main.run(Main.java:1468) ~[org.eclipse.equinox.launcher_1.5.400.v20190515-0925.jar:na]
	at org.eclipse.equinox.launcher.Main.main(Main.java:1441) ~[org.eclipse.equinox.launcher_1.5.400.v20190515-0925.jar:na]
2023-01-13 09:13:32,482 [Worker-4: Loading available Gradle versions] INFO  o.e.b.c.i.u.g.PublishedGradleVersions - Gradle version information cache is out-of-date. Trying to update.
2023-01-14 19:21:28,381 [Worker-5: Loading available Gradle versions] INFO  o.e.b.c.i.u.g.PublishedGradleVersions - Gradle version information cache is out-of-date. Trying to update.
2023-01-14 19:21:28,599 [Worker-5: Loading available Gradle versions] INFO  o.e.b.c.i.u.g.PublishedGradleVersions - Updating Gradle version information cache failed. Using outdated cache.
2023-01-14 19:21:29,680 [Worker-6: Decoration Calculation] WARN  org.eclipse.jgit.util.FS - C:\Program Files\Git\etc\.probe-f66a1973-4562-42f4-8595-968b0627140c
java.nio.file.AccessDeniedException: C:\Program Files\Git\etc\.probe-f66a1973-4562-42f4-8595-968b0627140c
	at java.base/sun.nio.fs.WindowsException.translateToIOException(WindowsException.java:89) ~[na:na]
	at java.base/sun.nio.fs.WindowsException.rethrowAsIOException(WindowsException.java:103) ~[na:na]
	at java.base/sun.nio.fs.WindowsException.rethrowAsIOException(WindowsException.java:108) ~[na:na]
	at java.base/sun.nio.fs.WindowsFileSystemProvider.newByteChannel(WindowsFileSystemProvider.java:235) ~[na:na]
	at java.base/java.nio.file.Files.newByteChannel(Files.java:371) ~[na:na]
	at java.base/java.nio.file.Files.createFile(Files.java:648) ~[na:na]
	at org.eclipse.jgit.util.FS$FileStoreAttributeCache.<init>(FS.java:234) ~[na:na]
	at org.eclipse.jgit.util.FS$FileStoreAttributeCache.getFsTimestampResolution(FS.java:211) ~[na:na]
	at org.eclipse.jgit.util.FS.getFsTimerResolution(FS.java:321) ~[na:na]
	at org.eclipse.jgit.internal.storage.file.FileSnapshot.<init>(FileSnapshot.java:186) ~[na:na]
	at org.eclipse.jgit.internal.storage.file.FileSnapshot.save(FileSnapshot.java:122) ~[na:na]
	at org.eclipse.jgit.storage.file.FileBasedConfig.load(FileBasedConfig.java:156) ~[na:na]
	at org.eclipse.jgit.internal.storage.file.FileRepository.loadSystemConfig(FileRepository.java:245) ~[na:na]
	at org.eclipse.jgit.internal.storage.file.FileRepository.<init>(FileRepository.java:203) ~[na:na]
	at org.eclipse.jgit.storage.file.FileRepositoryBuilder.build(FileRepositoryBuilder.java:88) ~[na:na]
	at org.eclipse.jgit.storage.file.FileRepositoryBuilder.create(FileRepositoryBuilder.java:108) ~[na:na]
	at org.eclipse.egit.core.RepositoryCache.lookupRepository(RepositoryCache.java:58) ~[na:na]
	at org.eclipse.egit.core.project.GitProjectData.map(GitProjectData.java:693) ~[na:na]
	at org.eclipse.egit.core.project.GitProjectData.remapAll(GitProjectData.java:651) ~[na:na]
	at org.eclipse.egit.core.project.GitProjectData.load(GitProjectData.java:634) ~[na:na]
	at org.eclipse.egit.core.project.GitProjectData.get(GitProjectData.java:220) ~[na:na]
	at org.eclipse.egit.core.project.RepositoryMapping.getProjectData(RepositoryMapping.java:335) ~[na:na]
	at org.eclipse.egit.core.project.RepositoryMapping.findMapping(RepositoryMapping.java:356) ~[na:na]
	at org.eclipse.egit.core.project.RepositoryMapping.getMapping(RepositoryMapping.java:296) ~[na:na]
	at org.eclipse.egit.core.internal.util.ResourceUtil.getRepository(ResourceUtil.java:712) ~[na:na]
	at org.eclipse.egit.ui.internal.resources.ResourceStateFactory.getIndexDiffDataOrNull(ResourceStateFactory.java:103) ~[na:na]
	at org.eclipse.egit.ui.internal.decorators.GitLightweightDecorator.decorateResource(GitLightweightDecorator.java:224) ~[na:na]
	at org.eclipse.egit.ui.internal.decorators.GitLightweightDecorator.decorate(GitLightweightDecorator.java:201) ~[na:na]
	at org.eclipse.ui.internal.decorators.LightweightDecoratorDefinition.decorate(LightweightDecoratorDefinition.java:247) ~[na:na]
	at org.eclipse.ui.internal.decorators.LightweightDecoratorManager$LightweightRunnable.run(LightweightDecoratorManager.java:105) ~[na:na]
	at org.eclipse.core.runtime.SafeRunner.run(SafeRunner.java:45) ~[org.eclipse.equinox.common_3.10.400.v20190516-1504.jar:na]
	at org.eclipse.ui.internal.decorators.LightweightDecoratorManager.decorate(LightweightDecoratorManager.java:360) ~[na:na]
	at org.eclipse.ui.internal.decorators.LightweightDecoratorManager.getDecorations(LightweightDecoratorManager.java:346) ~[na:na]
	at org.eclipse.ui.internal.decorators.DecorationScheduler$1.ensureResultCached(DecorationScheduler.java:333) ~[na:na]
	at org.eclipse.ui.internal.decorators.DecorationScheduler$1.run(DecorationScheduler.java:300) ~[na:na]
	at org.eclipse.core.internal.jobs.Worker.run(Worker.java:63) ~[org.eclipse.core.jobs_3.10.400.v20190506-1457.jar:na]
